<?xml version="1.0" encoding="UTF-8"?>
<!-- Generated by org.testng.reporters.JUnitReportReporter -->
<testsuite hostname="DESKTOP-BOK9U27" failures="0" tests="1" name="TestSuites.AppsTools" time="143.817" errors="0" timestamp="09 May 2022 06:37:18 GMT" skipped="0">
  <testcase classname="TestSuites.AppsTools" name="testCases" time="143.817"/>
</testsuite> <!-- TestSuites.AppsTools -->
